{"C:\\Users\\25196\\Desktop\\My project\\Gergito\\To-Do-list\\src\\Interactiv.js": {"path":"C:\\Users\\25196\\Desktop\\My project\\Gergito\\To-Do-list\\src\\Interactiv.js","statementMap":{"0":{"start":{"line":3,"column":22},"end":{"line":3,"column":66}},"1":{"start":{"line":4,"column":4},"end":{"line":4,"column":51}},"2":{"start":{"line":4,"column":32},"end":{"line":4,"column":49}},"3":{"start":{"line":5,"column":21},"end":{"line":5,"column":65}},"4":{"start":{"line":5,"column":50},"end":{"line":5,"column":64}},"5":{"start":{"line":6,"column":21},"end":{"line":6,"column":23}},"6":{"start":{"line":7,"column":4},"end":{"line":9,"column":7}},"7":{"start":{"line":8,"column":6},"end":{"line":8,"column":90}},"8":{"start":{"line":10,"column":4},"end":{"line":10,"column":63}},"9":{"start":{"line":11,"column":4},"end":{"line":11,"column":29}},"10":{"start":{"line":15,"column":4},"end":{"line":31,"column":5}},"11":{"start":{"line":16,"column":20},"end":{"line":16,"column":59}},"12":{"start":{"line":17,"column":6},"end":{"line":17,"column":50}},"13":{"start":{"line":20,"column":24},"end":{"line":20,"column":68}},"14":{"start":{"line":21,"column":6},"end":{"line":21,"column":38}},"15":{"start":{"line":22,"column":6},"end":{"line":22,"column":66}},"16":{"start":{"line":24,"column":20},"end":{"line":24,"column":59}},"17":{"start":{"line":25,"column":6},"end":{"line":25,"column":42}},"18":{"start":{"line":28,"column":24},"end":{"line":28,"column":68}},"19":{"start":{"line":29,"column":6},"end":{"line":29,"column":39}},"20":{"start":{"line":30,"column":6},"end":{"line":30,"column":66}}},"fnMap":{"0":{"name":"(anonymous_0)","decl":{"start":{"line":2,"column":2},"end":{"line":2,"column":3}},"loc":{"start":{"line":2,"column":23},"end":{"line":12,"column":3}},"line":2},"1":{"name":"(anonymous_1)","decl":{"start":{"line":5,"column":40},"end":{"line":5,"column":41}},"loc":{"start":{"line":5,"column":50},"end":{"line":5,"column":64}},"line":5},"2":{"name":"(anonymous_2)","decl":{"start":{"line":7,"column":21},"end":{"line":7,"column":22}},"loc":{"start":{"line":7,"column":37},"end":{"line":9,"column":5}},"line":7},"3":{"name":"(anonymous_3)","decl":{"start":{"line":14,"column":2},"end":{"line":14,"column":3}},"loc":{"start":{"line":14,"column":39},"end":{"line":32,"column":3}},"line":14}},"branchMap":{"0":{"loc":{"start":{"line":4,"column":4},"end":{"line":4,"column":51}},"type":"if","locations":[{"start":{"line":4,"column":4},"end":{"line":4,"column":51}},{"start":{},"end":{}}],"line":4},"1":{"loc":{"start":{"line":15,"column":4},"end":{"line":31,"column":5}},"type":"if","locations":[{"start":{"line":15,"column":4},"end":{"line":31,"column":5}},{"start":{"line":23,"column":11},"end":{"line":31,"column":5}}],"line":15}},"s":{"0":0,"1":0,"2":0,"3":0,"4":0,"5":0,"6":0,"7":0,"8":0,"9":0,"10":0,"11":0,"12":0,"13":0,"14":0,"15":0,"16":0,"17":0,"18":0,"19":0,"20":0},"f":{"0":0,"1":0,"2":0,"3":0},"b":{"0":[0,0],"1":[0,0]},"_coverageSchema":"1a1c01bbd47fc00a2c39e90264f33305004495a9","hash":"ee86f57dd14bef1e9f7abbba58f4c386f9b4582d"}
,"C:\\Users\\25196\\Desktop\\My project\\Gergito\\To-Do-list\\src\\storage.js": {"path":"C:\\Users\\25196\\Desktop\\My project\\Gergito\\To-Do-list\\src\\storage.js","statementMap":{"0":{"start":{"line":5,"column":22},"end":{"line":5,"column":66}},"1":{"start":{"line":6,"column":4},"end":{"line":8,"column":5}},"2":{"start":{"line":7,"column":6},"end":{"line":7,"column":23}},"3":{"start":{"line":9,"column":4},"end":{"line":9,"column":66}},"4":{"start":{"line":13,"column":17},"end":{"line":13,"column":53}},"5":{"start":{"line":14,"column":22},"end":{"line":14,"column":66}},"6":{"start":{"line":15,"column":4},"end":{"line":97,"column":5}},"7":{"start":{"line":16,"column":6},"end":{"line":16,"column":23}},"8":{"start":{"line":18,"column":6},"end":{"line":96,"column":9}},"9":{"start":{"line":19,"column":20},"end":{"line":19,"column":49}},"10":{"start":{"line":20,"column":8},"end":{"line":20,"column":27}},"11":{"start":{"line":21,"column":8},"end":{"line":21,"column":35}},"12":{"start":{"line":22,"column":8},"end":{"line":22,"column":35}},"13":{"start":{"line":24,"column":22},"end":{"line":24,"column":52}},"14":{"start":{"line":25,"column":8},"end":{"line":25,"column":33}},"15":{"start":{"line":26,"column":8},"end":{"line":26,"column":31}},"16":{"start":{"line":28,"column":25},"end":{"line":28,"column":56}},"17":{"start":{"line":29,"column":8},"end":{"line":29,"column":35}},"18":{"start":{"line":30,"column":8},"end":{"line":30,"column":34}},"19":{"start":{"line":31,"column":8},"end":{"line":31,"column":27}},"20":{"start":{"line":32,"column":8},"end":{"line":32,"column":35}},"21":{"start":{"line":33,"column":8},"end":{"line":35,"column":9}},"22":{"start":{"line":34,"column":10},"end":{"line":34,"column":34}},"23":{"start":{"line":36,"column":8},"end":{"line":36,"column":36}},"24":{"start":{"line":38,"column":22},"end":{"line":38,"column":52}},"25":{"start":{"line":39,"column":8},"end":{"line":39,"column":33}},"26":{"start":{"line":40,"column":8},"end":{"line":40,"column":31}},"27":{"start":{"line":41,"column":8},"end":{"line":41,"column":53}},"28":{"start":{"line":42,"column":8},"end":{"line":44,"column":9}},"29":{"start":{"line":43,"column":10},"end":{"line":43,"column":54}},"30":{"start":{"line":45,"column":8},"end":{"line":45,"column":33}},"31":{"start":{"line":48,"column":21},"end":{"line":48,"column":51}},"32":{"start":{"line":49,"column":8},"end":{"line":49,"column":32}},"33":{"start":{"line":50,"column":8},"end":{"line":50,"column":29}},"34":{"start":{"line":51,"column":20},"end":{"line":51,"column":51}},"35":{"start":{"line":52,"column":8},"end":{"line":52,"column":26}},"36":{"start":{"line":53,"column":8},"end":{"line":53,"column":28}},"37":{"start":{"line":54,"column":8},"end":{"line":54,"column":47}},"38":{"start":{"line":55,"column":8},"end":{"line":55,"column":30}},"39":{"start":{"line":56,"column":8},"end":{"line":56,"column":32}},"40":{"start":{"line":58,"column":22},"end":{"line":58,"column":52}},"41":{"start":{"line":59,"column":8},"end":{"line":59,"column":33}},"42":{"start":{"line":60,"column":21},"end":{"line":60,"column":51}},"43":{"start":{"line":61,"column":8},"end":{"line":61,"column":34}},"44":{"start":{"line":62,"column":8},"end":{"line":62,"column":32}},"45":{"start":{"line":63,"column":8},"end":{"line":65,"column":10}},"46":{"start":{"line":66,"column":8},"end":{"line":66,"column":32}},"47":{"start":{"line":68,"column":21},"end":{"line":68,"column":51}},"48":{"start":{"line":69,"column":8},"end":{"line":69,"column":33}},"49":{"start":{"line":70,"column":8},"end":{"line":70,"column":32}},"50":{"start":{"line":71,"column":8},"end":{"line":73,"column":10}},"51":{"start":{"line":74,"column":8},"end":{"line":74,"column":32}},"52":{"start":{"line":75,"column":8},"end":{"line":75,"column":31}},"53":{"start":{"line":76,"column":8},"end":{"line":76,"column":30}},"54":{"start":{"line":78,"column":24},"end":{"line":78,"column":63}},"55":{"start":{"line":79,"column":8},"end":{"line":79,"column":73}},"56":{"start":{"line":79,"column":48},"end":{"line":79,"column":71}},"57":{"start":{"line":82,"column":25},"end":{"line":82,"column":65}},"58":{"start":{"line":83,"column":8},"end":{"line":83,"column":94}},"59":{"start":{"line":83,"column":49},"end":{"line":83,"column":92}},"60":{"start":{"line":86,"column":24},"end":{"line":86,"column":59}},"61":{"start":{"line":87,"column":8},"end":{"line":90,"column":11}},"62":{"start":{"line":88,"column":10},"end":{"line":88,"column":46}},"63":{"start":{"line":89,"column":10},"end":{"line":89,"column":33}},"64":{"start":{"line":92,"column":23},"end":{"line":92,"column":59}},"65":{"start":{"line":93,"column":8},"end":{"line":95,"column":11}},"66":{"start":{"line":94,"column":10},"end":{"line":94,"column":45}},"67":{"start":{"line":101,"column":24},"end":{"line":101,"column":68}},"68":{"start":{"line":103,"column":4},"end":{"line":103,"column":41}},"69":{"start":{"line":104,"column":4},"end":{"line":104,"column":66}},"70":{"start":{"line":105,"column":4},"end":{"line":105,"column":28}},"71":{"start":{"line":109,"column":21},"end":{"line":109,"column":70}},"72":{"start":{"line":110,"column":4},"end":{"line":110,"column":47}},"73":{"start":{"line":112,"column":20},"end":{"line":112,"column":68}},"74":{"start":{"line":113,"column":4},"end":{"line":113,"column":46}},"75":{"start":{"line":115,"column":17},"end":{"line":115,"column":61}},"76":{"start":{"line":116,"column":4},"end":{"line":116,"column":43}},"77":{"start":{"line":117,"column":18},"end":{"line":117,"column":63}},"78":{"start":{"line":118,"column":4},"end":{"line":118,"column":44}},"79":{"start":{"line":125,"column":24},"end":{"line":125,"column":68}},"80":{"start":{"line":126,"column":21},"end":{"line":126,"column":65}},"81":{"start":{"line":127,"column":20},"end":{"line":127,"column":22}},"82":{"start":{"line":128,"column":4},"end":{"line":128,"column":33}},"83":{"start":{"line":129,"column":4},"end":{"line":129,"column":50}},"84":{"start":{"line":130,"column":4},"end":{"line":132,"column":7}},"85":{"start":{"line":131,"column":6},"end":{"line":131,"column":89}},"86":{"start":{"line":133,"column":4},"end":{"line":133,"column":62}},"87":{"start":{"line":137,"column":23},"end":{"line":137,"column":87}},"88":{"start":{"line":138,"column":26},"end":{"line":138,"column":28}},"89":{"start":{"line":139,"column":4},"end":{"line":146,"column":7}},"90":{"start":{"line":140,"column":6},"end":{"line":145,"column":9}},"91":{"start":{"line":142,"column":8},"end":{"line":142,"column":94}},"92":{"start":{"line":142,"column":63},"end":{"line":142,"column":72}},"93":{"start":{"line":142,"column":85},"end":{"line":142,"column":92}},"94":{"start":{"line":144,"column":8},"end":{"line":144,"column":37}},"95":{"start":{"line":151,"column":4},"end":{"line":163,"column":5}},"96":{"start":{"line":152,"column":22},"end":{"line":152,"column":66}},"97":{"start":{"line":153,"column":6},"end":{"line":155,"column":7}},"98":{"start":{"line":154,"column":8},"end":{"line":154,"column":23}},"99":{"start":{"line":156,"column":6},"end":{"line":156,"column":37}},"100":{"start":{"line":157,"column":19},"end":{"line":157,"column":77}},"101":{"start":{"line":158,"column":6},"end":{"line":158,"column":27}},"102":{"start":{"line":160,"column":6},"end":{"line":160,"column":66}},"103":{"start":{"line":165,"column":17},"end":{"line":165,"column":53}},"104":{"start":{"line":166,"column":22},"end":{"line":166,"column":66}},"105":{"start":{"line":167,"column":14},"end":{"line":167,"column":30}},"106":{"start":{"line":168,"column":16},"end":{"line":168,"column":45}},"107":{"start":{"line":169,"column":4},"end":{"line":169,"column":23}},"108":{"start":{"line":170,"column":4},"end":{"line":170,"column":31}},"109":{"start":{"line":171,"column":4},"end":{"line":171,"column":31}},"110":{"start":{"line":173,"column":18},"end":{"line":173,"column":48}},"111":{"start":{"line":174,"column":4},"end":{"line":174,"column":29}},"112":{"start":{"line":175,"column":4},"end":{"line":175,"column":27}},"113":{"start":{"line":177,"column":21},"end":{"line":177,"column":52}},"114":{"start":{"line":178,"column":4},"end":{"line":178,"column":31}},"115":{"start":{"line":179,"column":4},"end":{"line":179,"column":30}},"116":{"start":{"line":180,"column":4},"end":{"line":180,"column":23}},"117":{"start":{"line":181,"column":4},"end":{"line":181,"column":31}},"118":{"start":{"line":182,"column":4},"end":{"line":182,"column":32}},"119":{"start":{"line":184,"column":18},"end":{"line":184,"column":48}},"120":{"start":{"line":185,"column":4},"end":{"line":185,"column":29}},"121":{"start":{"line":186,"column":4},"end":{"line":186,"column":27}},"122":{"start":{"line":187,"column":4},"end":{"line":187,"column":30}},"123":{"start":{"line":188,"column":4},"end":{"line":188,"column":29}},"124":{"start":{"line":191,"column":17},"end":{"line":191,"column":47}},"125":{"start":{"line":192,"column":4},"end":{"line":192,"column":28}},"126":{"start":{"line":193,"column":4},"end":{"line":193,"column":25}},"127":{"start":{"line":194,"column":16},"end":{"line":194,"column":47}},"128":{"start":{"line":195,"column":4},"end":{"line":195,"column":22}},"129":{"start":{"line":196,"column":4},"end":{"line":196,"column":24}},"130":{"start":{"line":197,"column":4},"end":{"line":197,"column":24}},"131":{"start":{"line":198,"column":4},"end":{"line":198,"column":26}},"132":{"start":{"line":199,"column":4},"end":{"line":199,"column":28}},"133":{"start":{"line":201,"column":18},"end":{"line":201,"column":48}},"134":{"start":{"line":202,"column":4},"end":{"line":202,"column":29}},"135":{"start":{"line":203,"column":17},"end":{"line":203,"column":47}},"136":{"start":{"line":204,"column":4},"end":{"line":204,"column":30}},"137":{"start":{"line":205,"column":4},"end":{"line":205,"column":28}},"138":{"start":{"line":206,"column":4},"end":{"line":208,"column":6}},"139":{"start":{"line":209,"column":4},"end":{"line":209,"column":28}},"140":{"start":{"line":211,"column":17},"end":{"line":211,"column":47}},"141":{"start":{"line":212,"column":4},"end":{"line":212,"column":29}},"142":{"start":{"line":213,"column":4},"end":{"line":213,"column":28}},"143":{"start":{"line":214,"column":4},"end":{"line":216,"column":6}},"144":{"start":{"line":217,"column":4},"end":{"line":217,"column":28}},"145":{"start":{"line":218,"column":4},"end":{"line":218,"column":27}},"146":{"start":{"line":219,"column":4},"end":{"line":219,"column":26}},"147":{"start":{"line":223,"column":20},"end":{"line":223,"column":59}},"148":{"start":{"line":224,"column":4},"end":{"line":224,"column":69}},"149":{"start":{"line":224,"column":44},"end":{"line":224,"column":67}},"150":{"start":{"line":227,"column":21},"end":{"line":227,"column":61}},"151":{"start":{"line":228,"column":4},"end":{"line":228,"column":85}},"152":{"start":{"line":228,"column":45},"end":{"line":228,"column":83}},"153":{"start":{"line":231,"column":20},"end":{"line":231,"column":55}},"154":{"start":{"line":232,"column":4},"end":{"line":235,"column":7}},"155":{"start":{"line":233,"column":6},"end":{"line":233,"column":42}},"156":{"start":{"line":234,"column":6},"end":{"line":234,"column":29}},"157":{"start":{"line":237,"column":19},"end":{"line":237,"column":55}},"158":{"start":{"line":238,"column":4},"end":{"line":241,"column":7}},"159":{"start":{"line":240,"column":6},"end":{"line":240,"column":41}},"160":{"start":{"line":245,"column":4},"end":{"line":261,"column":5}},"161":{"start":{"line":246,"column":20},"end":{"line":246,"column":63}},"162":{"start":{"line":247,"column":6},"end":{"line":247,"column":50}},"163":{"start":{"line":250,"column":24},"end":{"line":250,"column":68}},"164":{"start":{"line":251,"column":6},"end":{"line":251,"column":38}},"165":{"start":{"line":252,"column":6},"end":{"line":252,"column":66}},"166":{"start":{"line":254,"column":20},"end":{"line":254,"column":63}},"167":{"start":{"line":255,"column":6},"end":{"line":255,"column":42}},"168":{"start":{"line":258,"column":24},"end":{"line":258,"column":68}},"169":{"start":{"line":259,"column":6},"end":{"line":259,"column":39}},"170":{"start":{"line":260,"column":6},"end":{"line":260,"column":66}}},"fnMap":{"0":{"name":"(anonymous_0)","decl":{"start":{"line":4,"column":2},"end":{"line":4,"column":3}},"loc":{"start":{"line":4,"column":18},"end":{"line":10,"column":3}},"line":4},"1":{"name":"(anonymous_1)","decl":{"start":{"line":12,"column":2},"end":{"line":12,"column":3}},"loc":{"start":{"line":12,"column":23},"end":{"line":98,"column":3}},"line":12},"2":{"name":"(anonymous_2)","decl":{"start":{"line":18,"column":26},"end":{"line":18,"column":27}},"loc":{"start":{"line":18,"column":43},"end":{"line":96,"column":7}},"line":18},"3":{"name":"(anonymous_3)","decl":{"start":{"line":79,"column":42},"end":{"line":79,"column":43}},"loc":{"start":{"line":79,"column":48},"end":{"line":79,"column":71}},"line":79},"4":{"name":"(anonymous_4)","decl":{"start":{"line":83,"column":43},"end":{"line":83,"column":44}},"loc":{"start":{"line":83,"column":49},"end":{"line":83,"column":92}},"line":83},"5":{"name":"(anonymous_5)","decl":{"start":{"line":87,"column":43},"end":{"line":87,"column":44}},"loc":{"start":{"line":87,"column":54},"end":{"line":90,"column":9}},"line":87},"6":{"name":"(anonymous_6)","decl":{"start":{"line":93,"column":42},"end":{"line":93,"column":43}},"loc":{"start":{"line":93,"column":48},"end":{"line":95,"column":9}},"line":93},"7":{"name":"(anonymous_7)","decl":{"start":{"line":100,"column":2},"end":{"line":100,"column":3}},"loc":{"start":{"line":100,"column":30},"end":{"line":106,"column":3}},"line":100},"8":{"name":"(anonymous_8)","decl":{"start":{"line":108,"column":2},"end":{"line":108,"column":3}},"loc":{"start":{"line":108,"column":34},"end":{"line":122,"column":3}},"line":108},"9":{"name":"(anonymous_9)","decl":{"start":{"line":124,"column":2},"end":{"line":124,"column":3}},"loc":{"start":{"line":124,"column":39},"end":{"line":134,"column":3}},"line":124},"10":{"name":"(anonymous_10)","decl":{"start":{"line":130,"column":24},"end":{"line":130,"column":25}},"loc":{"start":{"line":130,"column":40},"end":{"line":132,"column":5}},"line":130},"11":{"name":"(anonymous_11)","decl":{"start":{"line":136,"column":2},"end":{"line":136,"column":3}},"loc":{"start":{"line":136,"column":25},"end":{"line":147,"column":3}},"line":136},"12":{"name":"(anonymous_12)","decl":{"start":{"line":139,"column":23},"end":{"line":139,"column":24}},"loc":{"start":{"line":139,"column":37},"end":{"line":146,"column":5}},"line":139},"13":{"name":"(anonymous_13)","decl":{"start":{"line":140,"column":42},"end":{"line":140,"column":43}},"loc":{"start":{"line":140,"column":48},"end":{"line":145,"column":7}},"line":140},"14":{"name":"(anonymous_14)","decl":{"start":{"line":142,"column":56},"end":{"line":142,"column":57}},"loc":{"start":{"line":142,"column":63},"end":{"line":142,"column":72}},"line":142},"15":{"name":"(anonymous_15)","decl":{"start":{"line":142,"column":78},"end":{"line":142,"column":79}},"loc":{"start":{"line":142,"column":85},"end":{"line":142,"column":92}},"line":142},"16":{"name":"(anonymous_16)","decl":{"start":{"line":149,"column":2},"end":{"line":149,"column":3}},"loc":{"start":{"line":149,"column":26},"end":{"line":242,"column":3}},"line":149},"17":{"name":"(anonymous_17)","decl":{"start":{"line":224,"column":38},"end":{"line":224,"column":39}},"loc":{"start":{"line":224,"column":44},"end":{"line":224,"column":67}},"line":224},"18":{"name":"(anonymous_18)","decl":{"start":{"line":228,"column":39},"end":{"line":228,"column":40}},"loc":{"start":{"line":228,"column":45},"end":{"line":228,"column":83}},"line":228},"19":{"name":"(anonymous_19)","decl":{"start":{"line":232,"column":39},"end":{"line":232,"column":40}},"loc":{"start":{"line":232,"column":50},"end":{"line":235,"column":5}},"line":232},"20":{"name":"(anonymous_20)","decl":{"start":{"line":238,"column":38},"end":{"line":238,"column":39}},"loc":{"start":{"line":238,"column":44},"end":{"line":241,"column":5}},"line":238},"21":{"name":"(anonymous_21)","decl":{"start":{"line":244,"column":2},"end":{"line":244,"column":3}},"loc":{"start":{"line":244,"column":39},"end":{"line":262,"column":3}},"line":244}},"branchMap":{"0":{"loc":{"start":{"line":6,"column":4},"end":{"line":8,"column":5}},"type":"if","locations":[{"start":{"line":6,"column":4},"end":{"line":8,"column":5}},{"start":{},"end":{}}],"line":6},"1":{"loc":{"start":{"line":15,"column":4},"end":{"line":97,"column":5}},"type":"if","locations":[{"start":{"line":15,"column":4},"end":{"line":97,"column":5}},{"start":{"line":17,"column":11},"end":{"line":97,"column":5}}],"line":15},"2":{"loc":{"start":{"line":33,"column":8},"end":{"line":35,"column":9}},"type":"if","locations":[{"start":{"line":33,"column":8},"end":{"line":35,"column":9}},{"start":{},"end":{}}],"line":33},"3":{"loc":{"start":{"line":42,"column":8},"end":{"line":44,"column":9}},"type":"if","locations":[{"start":{"line":42,"column":8},"end":{"line":44,"column":9}},{"start":{},"end":{}}],"line":42},"4":{"loc":{"start":{"line":151,"column":4},"end":{"line":163,"column":5}},"type":"if","locations":[{"start":{"line":151,"column":4},"end":{"line":163,"column":5}},{"start":{"line":161,"column":11},"end":{"line":163,"column":5}}],"line":151},"5":{"loc":{"start":{"line":153,"column":6},"end":{"line":155,"column":7}},"type":"if","locations":[{"start":{"line":153,"column":6},"end":{"line":155,"column":7}},{"start":{},"end":{}}],"line":153},"6":{"loc":{"start":{"line":245,"column":4},"end":{"line":261,"column":5}},"type":"if","locations":[{"start":{"line":245,"column":4},"end":{"line":261,"column":5}},{"start":{"line":253,"column":11},"end":{"line":261,"column":5}}],"line":245}},"s":{"0":0,"1":0,"2":0,"3":0,"4":0,"5":0,"6":0,"7":0,"8":0,"9":0,"10":0,"11":0,"12":0,"13":0,"14":0,"15":0,"16":0,"17":0,"18":0,"19":0,"20":0,"21":0,"22":0,"23":0,"24":0,"25":0,"26":0,"27":0,"28":0,"29":0,"30":0,"31":0,"32":0,"33":0,"34":0,"35":0,"36":0,"37":0,"38":0,"39":0,"40":0,"41":0,"42":0,"43":0,"44":0,"45":0,"46":0,"47":0,"48":0,"49":0,"50":0,"51":0,"52":0,"53":0,"54":0,"55":0,"56":0,"57":0,"58":0,"59":0,"60":0,"61":0,"62":0,"63":0,"64":0,"65":0,"66":0,"67":0,"68":0,"69":0,"70":0,"71":0,"72":0,"73":0,"74":0,"75":0,"76":0,"77":0,"78":0,"79":1,"80":1,"81":1,"82":1,"83":1,"84":1,"85":1,"86":1,"87":0,"88":0,"89":0,"90":0,"91":0,"92":0,"93":0,"94":0,"95":1,"96":1,"97":1,"98":1,"99":1,"100":1,"101":1,"102":1,"103":1,"104":1,"105":1,"106":1,"107":1,"108":1,"109":1,"110":1,"111":1,"112":1,"113":1,"114":1,"115":1,"116":1,"117":1,"118":1,"119":1,"120":1,"121":1,"122":1,"123":1,"124":1,"125":1,"126":1,"127":1,"128":1,"129":1,"130":1,"131":1,"132":1,"133":1,"134":1,"135":1,"136":1,"137":1,"138":1,"139":1,"140":1,"141":1,"142":1,"143":1,"144":1,"145":1,"146":1,"147":1,"148":1,"149":0,"150":1,"151":1,"152":0,"153":1,"154":1,"155":0,"156":0,"157":1,"158":1,"159":0,"160":0,"161":0,"162":0,"163":0,"164":0,"165":0,"166":0,"167":0,"168":0,"169":0,"170":0},"f":{"0":0,"1":0,"2":0,"3":0,"4":0,"5":0,"6":0,"7":0,"8":0,"9":1,"10":1,"11":0,"12":0,"13":0,"14":0,"15":0,"16":1,"17":0,"18":0,"19":0,"20":0,"21":0},"b":{"0":[0,0],"1":[0,0],"2":[0,0],"3":[0,0],"4":[1,0],"5":[1,0],"6":[0,0]},"_coverageSchema":"1a1c01bbd47fc00a2c39e90264f33305004495a9","hash":"6539fcca137a1f0b7f50f9a6f8b51255a8df0d73"}
}
