TN:
SF:src\Interactiv.js
FN:2,(anonymous_0)
FN:5,(anonymous_1)
FN:7,(anonymous_2)
FN:14,(anonymous_3)
FNF:4
FNH:0
FNDA:0,(anonymous_0)
FNDA:0,(anonymous_1)
FNDA:0,(anonymous_2)
FNDA:0,(anonymous_3)
DA:3,0
DA:4,0
DA:5,0
DA:6,0
DA:7,0
DA:8,0
DA:10,0
DA:11,0
DA:15,0
DA:16,0
DA:17,0
DA:20,0
DA:21,0
DA:22,0
DA:24,0
DA:25,0
DA:28,0
DA:29,0
DA:30,0
LF:19
LH:0
BRDA:4,0,0,0
BRDA:4,0,1,0
BRDA:15,1,0,0
BRDA:15,1,1,0
BRF:4
BRH:0
end_of_record
TN:
SF:src\storage.js
FN:4,(anonymous_0)
FN:12,(anonymous_1)
FN:18,(anonymous_2)
FN:79,(anonymous_3)
FN:83,(anonymous_4)
FN:87,(anonymous_5)
FN:93,(anonymous_6)
FN:100,(anonymous_7)
FN:108,(anonymous_8)
FN:124,(anonymous_9)
FN:130,(anonymous_10)
FN:136,(anonymous_11)
FN:139,(anonymous_12)
FN:140,(anonymous_13)
FN:142,(anonymous_14)
FN:142,(anonymous_15)
FN:149,(anonymous_16)
FN:224,(anonymous_17)
FN:228,(anonymous_18)
FN:232,(anonymous_19)
FN:238,(anonymous_20)
FN:244,(anonymous_21)
FNF:22
FNH:3
FNDA:0,(anonymous_0)
FNDA:0,(anonymous_1)
FNDA:0,(anonymous_2)
FNDA:0,(anonymous_3)
FNDA:0,(anonymous_4)
FNDA:0,(anonymous_5)
FNDA:0,(anonymous_6)
FNDA:0,(anonymous_7)
FNDA:0,(anonymous_8)
FNDA:1,(anonymous_9)
FNDA:1,(anonymous_10)
FNDA:0,(anonymous_11)
FNDA:0,(anonymous_12)
FNDA:0,(anonymous_13)
FNDA:0,(anonymous_14)
FNDA:0,(anonymous_15)
FNDA:1,(anonymous_16)
FNDA:0,(anonymous_17)
FNDA:0,(anonymous_18)
FNDA:0,(anonymous_19)
FNDA:0,(anonymous_20)
FNDA:0,(anonymous_21)
DA:5,0
DA:6,0
DA:7,0
DA:9,0
DA:13,0
DA:14,0
DA:15,0
DA:16,0
DA:18,0
DA:19,0
DA:20,0
DA:21,0
DA:22,0
DA:24,0
DA:25,0
DA:26,0
DA:28,0
DA:29,0
DA:30,0
DA:31,0
DA:32,0
DA:33,0
DA:34,0
DA:36,0
DA:38,0
DA:39,0
DA:40,0
DA:41,0
DA:42,0
DA:43,0
DA:45,0
DA:48,0
DA:49,0
DA:50,0
DA:51,0
DA:52,0
DA:53,0
DA:54,0
DA:55,0
DA:56,0
DA:58,0
DA:59,0
DA:60,0
DA:61,0
DA:62,0
DA:63,0
DA:66,0
DA:68,0
DA:69,0
DA:70,0
DA:71,0
DA:74,0
DA:75,0
DA:76,0
DA:78,0
DA:79,0
DA:82,0
DA:83,0
DA:86,0
DA:87,0
DA:88,0
DA:89,0
DA:92,0
DA:93,0
DA:94,0
DA:101,0
DA:103,0
DA:104,0
DA:105,0
DA:109,0
DA:110,0
DA:112,0
DA:113,0
DA:115,0
DA:116,0
DA:117,0
DA:118,0
DA:125,1
DA:126,1
DA:127,1
DA:128,1
DA:129,1
DA:130,1
DA:131,1
DA:133,1
DA:137,0
DA:138,0
DA:139,0
DA:140,0
DA:142,0
DA:144,0
DA:151,1
DA:152,1
DA:153,1
DA:154,1
DA:156,1
DA:157,1
DA:158,1
DA:160,1
DA:165,1
DA:166,1
DA:167,1
DA:168,1
DA:169,1
DA:170,1
DA:171,1
DA:173,1
DA:174,1
DA:175,1
DA:177,1
DA:178,1
DA:179,1
DA:180,1
DA:181,1
DA:182,1
DA:184,1
DA:185,1
DA:186,1
DA:187,1
DA:188,1
DA:191,1
DA:192,1
DA:193,1
DA:194,1
DA:195,1
DA:196,1
DA:197,1
DA:198,1
DA:199,1
DA:201,1
DA:202,1
DA:203,1
DA:204,1
DA:205,1
DA:206,1
DA:209,1
DA:211,1
DA:212,1
DA:213,1
DA:214,1
DA:217,1
DA:218,1
DA:219,1
DA:223,1
DA:224,1
DA:227,1
DA:228,1
DA:231,1
DA:232,1
DA:233,0
DA:234,0
DA:237,1
DA:238,1
DA:240,0
DA:245,0
DA:246,0
DA:247,0
DA:250,0
DA:251,0
DA:252,0
DA:254,0
DA:255,0
DA:258,0
DA:259,0
DA:260,0
LF:165
LH:68
BRDA:6,0,0,0
BRDA:6,0,1,0
BRDA:15,1,0,0
BRDA:15,1,1,0
BRDA:33,2,0,0
BRDA:33,2,1,0
BRDA:42,3,0,0
BRDA:42,3,1,0
BRDA:151,4,0,1
BRDA:151,4,1,0
BRDA:153,5,0,1
BRDA:153,5,1,0
BRDA:245,6,0,0
BRDA:245,6,1,0
BRF:14
BRH:2
end_of_record
